Traceback (most recent call last):
  File "/Users/javier/opt/anaconda3/lib/python3.8/site-packages/jupyter_cache/executors/utils.py", line 51, in single_nb_execution
    executenb(
  File "/Users/javier/opt/anaconda3/lib/python3.8/site-packages/nbclient/client.py", line 1112, in execute
    return NotebookClient(nb=nb, resources=resources, km=km, **kwargs).execute()
  File "/Users/javier/opt/anaconda3/lib/python3.8/site-packages/nbclient/util.py", line 74, in wrapped
    return just_run(coro(*args, **kwargs))
  File "/Users/javier/opt/anaconda3/lib/python3.8/site-packages/nbclient/util.py", line 53, in just_run
    return loop.run_until_complete(coro)
  File "/Users/javier/opt/anaconda3/lib/python3.8/asyncio/base_events.py", line 616, in run_until_complete
    return future.result()
  File "/Users/javier/opt/anaconda3/lib/python3.8/site-packages/nbclient/client.py", line 553, in async_execute
    await self.async_execute_cell(
  File "/Users/javier/opt/anaconda3/lib/python3.8/site-packages/nbclient/client.py", line 857, in async_execute_cell
    self._check_raise_for_error(cell, exec_reply)
  File "/Users/javier/opt/anaconda3/lib/python3.8/site-packages/nbclient/client.py", line 760, in _check_raise_for_error
    raise CellExecutionError.from_cell_and_msg(cell, exec_reply_content)
nbclient.exceptions.CellExecutionError: An error occurred while executing the following cell:
------------------
Kcs = [0.01, 10, 15]

tabla = "_Kc_ | raíces\n------|-------\n"

for kc in Kcs
    raices = raiz(kc+0im)
    for j in 1:3
        if j == 1
            kc_print = string(kc)
        else
            kc_print = ""
        end
        if real(raices[j]) > 0
            negrita = "**"
        else
            negrita = ""
        end
        tabla = tabla * kc_print * " | "* negrita * string(round(raices[j], digits=3)) * negrita * "\n"
    end
end
Markdown.parse(tabla)
------------------

UndefVarError: Markdown not defined

Stacktrace:
 [1] top-level scope
   @ In[9]:21
 [2] eval
   @ ./boot.jl:360 [inlined]
 [3] include_string(mapexpr::typeof(REPL.softscope), mod::Module, code::String, filename::String)
   @ Base ./loading.jl:1094
LoadError: UndefVarError: Markdown not defined

